<?xml version="1.0" encoding="utf-8"?><testsuites name="pytest tests"><testsuite name="pytest" errors="0" failures="0" skipped="0" tests="4" time="0.294" timestamp="2025-06-24T19:36:27.517440+02:00" hostname="MSI"><testcase classname="tests.test_password_strength.TestPasswordChecker" name="test_common_password" file="tests\test_password_strength.py" line="29" time="0.001"><system-out>--------------------------------- Captured Log ---------------------------------

--------------------------------- Captured Out ---------------------------------

</system-out><system-err>--------------------------------- Captured Err ---------------------------------

</system-err></testcase><testcase classname="tests.test_password_strength.TestPasswordChecker" name="test_entropy" file="tests\test_password_strength.py" line="24" time="0.000"><system-out>--------------------------------- Captured Log ---------------------------------

--------------------------------- Captured Out ---------------------------------

</system-out><system-err>--------------------------------- Captured Err ---------------------------------

</system-err></testcase><testcase classname="tests.test_password_strength.TestPasswordChecker" name="test_policy_score_strong" file="tests\test_password_strength.py" line="12" time="0.000"><system-out>--------------------------------- Captured Log ---------------------------------

--------------------------------- Captured Out ---------------------------------

</system-out><system-err>--------------------------------- Captured Err ---------------------------------

</system-err></testcase><testcase classname="tests.test_password_strength.TestPasswordChecker" name="test_policy_score_weak" file="tests\test_password_strength.py" line="18" time="0.000"><system-out>--------------------------------- Captured Log ---------------------------------

--------------------------------- Captured Out ---------------------------------

</system-out><system-err>--------------------------------- Captured Err ---------------------------------

</system-err></testcase></testsuite></testsuites>